{
  "RSpec": {
    "coverage": {
      "/Users/jackiezhu/BetterUp/RubyOnRailsStarter/blog/app/helpers/application_helper.rb": {
        "lines": [
          1,
          null
        ]
      },
      "/Users/jackiezhu/BetterUp/RubyOnRailsStarter/blog/app/helpers/articles_helper.rb": {
        "lines": [
          1,
          null
        ]
      },
      "/Users/jackiezhu/BetterUp/RubyOnRailsStarter/blog/app/controllers/articles_controller.rb": {
        "lines": [
          1,
          1,
          null,
          null
        ]
      },
      "/Users/jackiezhu/BetterUp/RubyOnRailsStarter/blog/app/controllers/application_controller.rb": {
        "lines": [
          1,
          null
        ]
      },
      "/Users/jackiezhu/BetterUp/RubyOnRailsStarter/blog/app/controllers/test_controller.rb": {
        "lines": [
          1,
          1,
          null,
          null
        ]
      },
      "/Users/jackiezhu/BetterUp/RubyOnRailsStarter/blog/app/channels/application_cable/channel.rb": {
        "lines": [
          0,
          0,
          0,
          0
        ],
        "branches": {
        }
      },
      "/Users/jackiezhu/BetterUp/RubyOnRailsStarter/blog/app/channels/application_cable/connection.rb": {
        "lines": [
          0,
          0,
          0,
          0
        ],
        "branches": {
        }
      },
      "/Users/jackiezhu/BetterUp/RubyOnRailsStarter/blog/app/jobs/application_job.rb": {
        "lines": [
          0,
          null,
          null,
          null,
          null,
          null,
          0
        ],
        "branches": {
        }
      },
      "/Users/jackiezhu/BetterUp/RubyOnRailsStarter/blog/app/mailers/application_mailer.rb": {
        "lines": [
          0,
          0,
          0,
          0
        ],
        "branches": {
        }
      },
      "/Users/jackiezhu/BetterUp/RubyOnRailsStarter/blog/app/models/application_record.rb": {
        "lines": [
          0,
          0,
          0
        ],
        "branches": {
        }
      }
    },
    "timestamp": 1679379166
  }
}
